<?xml version="1.0" encoding="UTF-8"?>
<!-- Generated by org.testng.reporters.JUnitReportReporter -->
<testsuite hostname="DESKTOP-Q6QKMPN" failures="0" tests="1" name="api.endpint.registeruserendpoint" time="3.856" errors="0" timestamp="2025-08-03T23:53:07 IST" skipped="0">
  <testcase classname="api.endpint.registeruserendpoint" name="testRegisterUser" time="3.856"/>
</testsuite> <!-- api.endpint.registeruserendpoint -->
