<?xml version="1.0" encoding="UTF-8"?>
<!-- Generated by org.testng.reporters.JUnitReportReporter -->
<testsuite hostname="DESKTOP-Q6QKMPN" failures="0" tests="4" name="api.testcase.registerUserTest" time="7.319" errors="0" timestamp="2025-08-04T00:24:57 IST" skipped="0">
  <testcase classname="api.testcase.registerUserTest" name="register_user_test_case" time="5.327"/>
  <testcase classname="api.testcase.registerUserTest" name="get_token_test_case" time="1.473"/>
  <testcase classname="api.testcase.registerUserTest" name="Unsucessfully_res_test_case" time="0.516"/>
  <testcase classname="api.testcase.registerUserTest" name="Print_Token" time="0.003"/>
</testsuite> <!-- api.testcase.registerUserTest -->
