<?xml version="1.0" encoding="UTF-8"?>
<!-- Generated by org.testng.reporters.JUnitReportReporter -->
<testsuite hostname="DESKTOP-Q6QKMPN" failures="0" tests="3" name="api.testcase.LoginTestcase" time="7.633" errors="0" timestamp="2025-08-04T01:27:31 IST" skipped="0">
  <testcase classname="api.testcase.LoginTestcase" name="login_testcase" time="5.548"/>
  <testcase classname="api.testcase.LoginTestcase" name="get_login_testcase" time="1.714"/>
  <testcase classname="api.testcase.LoginTestcase" name="login_failed_testcase" time="0.371"/>
</testsuite> <!-- api.testcase.LoginTestcase -->
